<?xml version="1.0" encoding="UTF-8"?>
<testsuite xmlns:xsi="http://www.w3.org/2001/XMLSchema-instance" xsi:noNamespaceSchemaLocation="https://maven.apache.org/surefire/maven-surefire-plugin/xsd/surefire-test-report-3.0.xsd" version="3.0" name="br.edu.unipe.pos.api.ApiApplicationTests" time="5.549" tests="1" errors="0" skipped="0" failures="0">
  <properties>
[...]
</properties>
  <testcase name="contextLoads" classname="br.edu.unipe.pos.api.ApiApplicationTests" time="0.354">
    <system-out><![CDATA[14:23:28.681 [main] INFO org.springframework.test.context.support.AnnotationConfigContextLoaderUtils -- Could not detect default configuration classes for test class [br.edu.unipe.pos.api.ApiApplicationTests]: ApiApplicationTests does not declare any static, non-private, non-final, nested classes annotated with @Configuration.
14:23:28.740 [main] INFO org.springframework.boot.test.context.SpringBootTestContextBootstrapper -- Found @SpringBootConfiguration br.edu.unipe.pos.api.ApiApplication for test class br.edu.unipe.pos.api.ApiApplicationTests
14:23:28.851 [main] INFO org.springframework.boot.devtools.restart.RestartApplicationListener -- Restart disabled due to context in which it is running

  .   ____          _            __ _ _
 /\\ / ___'_ __ _ _(_)_ __  __ _ \ \ \ \
( ( )\___ | '_ | '_| | '_ \/ _` | \ \ \ \
 \\/  ___)| |_)| | | | | || (_| |  ) ) ) )
  '  |____| .__|_| |_|_| |_\__, | / / / /
 =========|_|==============|___/=/_/_/_/
 :: Spring Boot ::                (v3.2.2)

2024-02-24T14:23:30.022-03:00  INFO 11658 --- [           main] b.edu.unipe.pos.api.ApiApplicationTests  : Starting ApiApplicationTests using Java 17.0.6 with PID 11658 (started by matheuseduardo in /home/matheuseduardo/Desenvolvimento/POS-UNIPE-WEB-2023/INTRO-BACKEND/project-backend-api)
2024-02-24T14:23:30.023-03:00  INFO 11658 --- [           main] b.edu.unipe.pos.api.ApiApplicationTests  : No active profile set, falling back to 1 default profile: "default"
2024-02-24T14:23:30.557-03:00  INFO 11658 --- [           main] .s.d.r.c.RepositoryConfigurationDelegate : Bootstrapping Spring Data JPA repositories in DEFAULT mode.
2024-02-24T14:23:30.595-03:00  INFO 11658 --- [           main] .s.d.r.c.RepositoryConfigurationDelegate : Finished Spring Data repository scanning in 34 ms. Found 2 JPA repository interfaces.
2024-02-24T14:23:30.725-03:00  INFO 11658 --- [           main] o.s.cloud.context.scope.GenericScope     : BeanFactory id=20503bf7-8615-3abb-99d0-e616a9869efc
2024-02-24T14:23:30.909-03:00  INFO 11658 --- [           main] o.hibernate.jpa.internal.util.LogHelper  : HHH000204: Processing PersistenceUnitInfo [name: default]
2024-02-24T14:23:30.938-03:00  INFO 11658 --- [           main] org.hibernate.Version                    : HHH000412: Hibernate ORM core version 6.4.1.Final
2024-02-24T14:23:30.957-03:00  INFO 11658 --- [           main] o.h.c.internal.RegionFactoryInitiator    : HHH000026: Second-level cache disabled
2024-02-24T14:23:31.088-03:00  INFO 11658 --- [           main] o.s.o.j.p.SpringPersistenceUnitInfo      : No LoadTimeWeaver setup: ignoring JPA class transformer
2024-02-24T14:23:31.101-03:00  INFO 11658 --- [           main] com.zaxxer.hikari.HikariDataSource       : HikariPool-1 - Starting...
2024-02-24T14:23:31.225-03:00  INFO 11658 --- [           main] com.zaxxer.hikari.pool.HikariPool        : HikariPool-1 - Added connection conn0: url=jdbc:h2:file:~/posunipe20241 user=SA
2024-02-24T14:23:31.226-03:00  INFO 11658 --- [           main] com.zaxxer.hikari.HikariDataSource       : HikariPool-1 - Start completed.
2024-02-24T14:23:31.705-03:00  INFO 11658 --- [           main] o.h.e.t.j.p.i.JtaPlatformInitiator       : HHH000489: No JTA platform available (set 'hibernate.transaction.jta.platform' to enable JTA platform integration)
2024-02-24T14:23:31.732-03:00  INFO 11658 --- [           main] j.LocalContainerEntityManagerFactoryBean : Initialized JPA EntityManagerFactory for persistence unit 'default'
2024-02-24T14:23:31.944-03:00  INFO 11658 --- [           main] o.s.d.j.r.query.QueryEnhancerFactory     : Hibernate is in classpath; If applicable, HQL parser will be used.
2024-02-24T14:23:32.259-03:00  WARN 11658 --- [           main] JpaBaseConfiguration$JpaWebConfiguration : spring.jpa.open-in-view is enabled by default. Therefore, database queries may be performed during view rendering. Explicitly configure spring.jpa.open-in-view to disable this warning
2024-02-24T14:23:32.701-03:00  INFO 11658 --- [           main] o.s.b.a.h2.H2ConsoleAutoConfiguration    : H2 console available at '/h2'. Database available at 'jdbc:h2:file:~/posunipe20241'
2024-02-24T14:23:33.736-03:00  INFO 11658 --- [           main] o.s.cloud.commons.util.InetUtils         : Cannot determine local hostname
2024-02-24T14:23:33.764-03:00  INFO 11658 --- [           main] b.edu.unipe.pos.api.ApiApplicationTests  : Started ApiApplicationTests in 4.927 seconds (process running for 5.641)
]]></system-out>
  </testcase>
</testsuite>